#
# A fatal error has been detected by the Java Runtime Environment:
#
#  SIGILL (0x4) at pc=0x00007ff67f305d5f, pid=3369, tid=3370
#
# JRE version: OpenJDK Runtime Environment (11.0.2+9) (build 11.0.2+9)
# Java VM: OpenJDK 64-Bit Server VM (11.0.2+9, mixed mode, tiered, compressed oops, g1 gc, linux-amd64)
# Problematic frame:
# C  [libz.so.1+0x9d5f]  inflateResetKeep+0x8f
#
# No core dump will be written. Core dumps have been disabled. To enable core dumping, try "ulimit -c unlimited" before starting Java again
#
# If you would like to submit a bug report, please visit:
#   http://bugreport.java.com/bugreport/crash.jsp
# The crash happened outside the Java Virtual Machine in native code.
# See problematic frame for where to report the bug.
#

---------------  S U M M A R Y ------------

Command Line: -Xmx250m uk.ac.babraham.FastQC.FastQCApplication

Host: AMD Opteron(tm) Processor 6328, 32 cores, 251G, CentOS Linux release 7.9.2009 (Core)
Time: Mon Feb 20 16:55:58 2023 CET elapsed time: 0 seconds (0d 0h 0m 0s)

---------------  T H R E A D  ---------------

Current thread (0x00007ff678011000):  JavaThread "main" [_thread_in_native, id=3370, stack(0x00007ff67f1fb000,0x00007ff67f2fc000)]

Stack: [0x00007ff67f1fb000,0x00007ff67f2fc000],  sp=0x00007ff67f2f66e0,  free space=1005k
Native frames: (J=compiled Java code, A=aot compiled Java code, j=interpreted, Vv=VM code, C=native code)
C  [libz.so.1+0x9d5f]  inflateResetKeep+0x8f

Java frames: (J=compiled Java code, j=interpreted, Vv=VM code)
j  java.util.zip.Inflater.init(Z)J+0 java.base@11.0.2
j  java.util.zip.Inflater.<init>(Z)V+14 java.base@11.0.2
j  java.util.zip.ZipFile$CleanableResource.getInflater()Ljava/util/zip/Inflater;+43 java.base@11.0.2
j  java.util.zip.ZipFile$ZipFileInflaterInputStream.<init>(Ljava/util/zip/ZipFile;Ljava/util/zip/ZipFile$ZipFileInputStream;Ljava/util/zip/ZipFile$CleanableResource;I)V+5 java.base@11.0.2
j  java.util.zip.ZipFile.getInputStream(Ljava/util/zip/ZipEntry;)Ljava/io/InputStream;+268 java.base@11.0.2
j  java.util.jar.JarFile.getBytes(Ljava/util/zip/ZipEntry;)[B+2 java.base@11.0.2
j  java.util.jar.JarFile.checkForSpecialAttributes()V+33 java.base@11.0.2
j  java.util.jar.JarFile.isMultiRelease()Z+16 java.base@11.0.2
j  java.util.jar.JarFile.getEntry(Ljava/lang/String;)Ljava/util/zip/ZipEntry;+7 java.base@11.0.2
j  java.util.jar.JarFile.getJarEntry(Ljava/lang/String;)Ljava/util/jar/JarEntry;+2 java.base@11.0.2
j  jdk.internal.util.jar.JarIndex.getJarIndex(Ljava/util/jar/JarFile;)Ljdk/internal/util/jar/JarIndex;+5 java.base@11.0.2
j  jdk.internal.loader.URLClassPath$JarLoader$1.run()Ljava/lang/Void;+72 java.base@11.0.2
j  jdk.internal.loader.URLClassPath$JarLoader$1.run()Ljava/lang/Object;+1 java.base@11.0.2
v  ~StubRoutines::call_stub
j  java.security.AccessController.doPrivileged(Ljava/security/PrivilegedExceptionAction;Ljava/security/AccessControlContext;)Ljava/lang/Object;+0 java.base@11.0.2
j  jdk.internal.loader.URLClassPath$JarLoader.ensureOpen()V+19 java.base@11.0.2
j  jdk.internal.loader.URLClassPath$JarLoader.<init>(Ljava/net/URL;Ljava/net/URLStreamHandler;Ljava/util/HashMap;Ljava/security/AccessControlContext;)V+63 java.base@11.0.2
j  jdk.internal.loader.URLClassPath$3.run()Ljdk/internal/loader/URLClassPath$Loader;+168 java.base@11.0.2
j  jdk.internal.loader.URLClassPath$3.run()Ljava/lang/Object;+1 java.base@11.0.2
v  ~StubRoutines::call_stub
j  java.security.AccessController.doPrivileged(Ljava/security/PrivilegedExceptionAction;Ljava/security/AccessControlContext;)Ljava/lang/Object;+0 java.base@11.0.2
j  jdk.internal.loader.URLClassPath.getLoader(Ljava/net/URL;)Ljdk/internal/loader/URLClassPath$Loader;+13 java.base@11.0.2
j  jdk.internal.loader.URLClassPath.getLoader(I)Ljdk/internal/loader/URLClassPath$Loader;+81 java.base@11.0.2
j  jdk.internal.loader.URLClassPath.getResource(Ljava/lang/String;Z)Ljdk/internal/loader/Resource;+42 java.base@11.0.2
j  jdk.internal.loader.BuiltinClassLoader.findClassOnClassPathOrNull(Ljava/lang/String;)Ljava/lang/Class;+26 java.base@11.0.2
j  jdk.internal.loader.BuiltinClassLoader.loadClassOrNull(Ljava/lang/String;Z)Ljava/lang/Class;+111 java.base@11.0.2
j  jdk.internal.loader.BuiltinClassLoader.loadClass(Ljava/lang/String;Z)Ljava/lang/Class;+3 java.base@11.0.2
j  jdk.internal.loader.ClassLoaders$AppClassLoader.loadClass(Ljava/lang/String;Z)Ljava/lang/Class;+36 java.base@11.0.2
j  java.lang.ClassLoader.loadClass(Ljava/lang/String;)Ljava/lang/Class;+3 java.base@11.0.2
v  ~StubRoutines::call_stub
j  java.lang.Class.forName0(Ljava/lang/String;ZLjava/lang/ClassLoader;Ljava/lang/Class;)Ljava/lang/Class;+0 java.base@11.0.2
j  java.lang.Class.forName(Ljava/lang/String;ZLjava/lang/ClassLoader;)Ljava/lang/Class;+43 java.base@11.0.2
j  sun.launcher.LauncherHelper.loadMainClass(ILjava/lang/String;)Ljava/lang/Class;+93 java.base@11.0.2
j  sun.launcher.LauncherHelper.checkAndLoadMain(ZILjava/lang/String;)Ljava/lang/Class;+42 java.base@11.0.2
v  ~StubRoutines::call_stub

siginfo: si_signo: 4 (SIGILL), si_code: 2 (ILL_ILLOPN), si_addr: 0x00007ff67f305d5f

Register to memory mapping:

RAX=0x0 is NULL
RBX=0x00007ff6782a5d30 points into unknown readable memory: 00 00 00 00 00 00 00 00
RCX=0x00007ff6782a6308 points into unknown readable memory: 00 00 ca 00 00 00 18 01
RDX=0x00007ff6782a5db0 points into unknown readable memory: 30 5d 2a 78 f6 7f 00 00
RSP=0x00007ff67f2f66e0 is pointing into the stack for thread: 0x00007ff678011000
RBP=0x00007ff6782a5db0 points into unknown readable memory: 30 5d 2a 78 f6 7f 00 00
RSI=0xffffffff00000001 is an unknown value
RDI=0x00007ff6782a5d30 points into unknown readable memory: 00 00 00 00 00 00 00 00
R8 =0x0000000000040000 is an unknown value
R9 =0x0000000000001bf8 is an unknown value
R10=0x00007ff67f2f6160 is pointing into the stack for thread: 0x00007ff678011000
R11=0x00007ff67f305cd0: inflateResetKeep+0x0000000000000000 in /soft/modules/software/zlib/1.2.12-GCCcore-11.3.0/lib/libz.so.1 at 0x00007ff67f2fc000
R12=0x00000000fffffff1 points into unknown readable memory: 00 00 00 00 00 00 00
R13=0x0000000000000001 is an unknown value
R14=0x00007ff67f2f67b8 is pointing into the stack for thread: 0x00007ff678011000
R15=0x00007ff678011000 is a thread


Registers:
RAX=0x0000000000000000, RBX=0x00007ff6782a5d30, RCX=0x00007ff6782a6308, RDX=0x00007ff6782a5db0
RSP=0x00007ff67f2f66e0, RBP=0x00007ff6782a5db0, RSI=0xffffffff00000001, RDI=0x00007ff6782a5d30
R8 =0x0000000000040000, R9 =0x0000000000001bf8, R10=0x00007ff67f2f6160, R11=0x00007ff67f305cd0
R12=0x00000000fffffff1, R13=0x0000000000000001, R14=0x00007ff67f2f67b8, R15=0x00007ff678011000
RIP=0x00007ff67f305d5f, EFLAGS=0x0000000000010246, CSGSFS=0x0000000000000033, ERR=0x0000000000000000
  TRAPNO=0x0000000000000006

Top of Stack: (sp=0x00007ff67f2f66e0)
0x00007ff67f2f66e0:   000000000000000d 00007ff67f305f0f
0x00007ff67f2f66f0:   00007ff6782a5d30 00007ff67f2f6730
0x00007ff67f2f6700:   00007ff678011340 00007ff67c2debca
0x00007ff67f2f6710:   0000000000000000 00007ff651be34d8 

Instructions: (pc=0x00007ff67f305d5f)
0x00007ff67f305d3f:   00 00 00 48 c7 42 50 00 00 00 00 c7 42 58 00 00
0x00007ff67f305d4f:   00 00 48 89 8a 90 00 00 00 48 89 b2 e8 1b 00 00
0x00007ff67f305d5f:   62 f2 fd 08 7c c1 c5 fa 7f 42 68 48 83 c4 08 c3
0x00007ff67f305d6f:   90 83 e1 01 48 89 4f 60 eb 93 0f 1f 80 00 00 00 

Stack slot to memory mapping:
stack at sp + 0 slots: 0x000000000000000d is an unknown value
stack at sp + 1 slots: 0x00007ff67f305f0f: inflateInit2_+0x000000000000007f in /soft/modules/software/zlib/1.2.12-GCCcore-11.3.0/lib/libz.so.1 at 0x00007ff67f2fc000
stack at sp + 2 slots: 0x00007ff6782a5d30 points into unknown readable memory: 00 00 00 00 00 00 00 00
stack at sp + 3 slots: 0x00007ff67f2f6730 is pointing into the stack for thread: 0x00007ff678011000
stack at sp + 4 slots: 0x00007ff678011340 points into unknown readable memory: a0 df 65 7e f6 7f 00 00
stack at sp + 5 slots: 0x00007ff67c2debca: Java_java_util_zip_Inflater_init+0x000000000000004a in /soft/modules/software/Java/11.0.2/lib/libzip.so at 0x00007ff67c2dc000
stack at sp + 6 slots: 0x0 is NULL
stack at sp + 7 slots: {method} {0x00007ff651be34d8} 'init' '(Z)J' in 'java/util/zip/Inflater'


---------------  P R O C E S S  ---------------

Threads class SMR info:
_java_thread_list=0x00007ff67828d0a0, length=9, elements={
0x00007ff678011000, 0x00007ff6781d3800, 0x00007ff6781d8000, 0x00007ff6781eb800,
0x00007ff6781ed800, 0x00007ff6781f8000, 0x00007ff6781fc800, 0x00007ff678277800,
0x00007ff67828b800
}

Java Threads: ( => current thread )
=>0x00007ff678011000 JavaThread "main" [_thread_in_native, id=3370, stack(0x00007ff67f1fb000,0x00007ff67f2fc000)]
  0x00007ff6781d3800 JavaThread "Reference Handler" daemon [_thread_blocked, id=3383, stack(0x00007ff658356000,0x00007ff658457000)]
  0x00007ff6781d8000 JavaThread "Finalizer" daemon [_thread_blocked, id=3384, stack(0x00007ff658255000,0x00007ff658356000)]
  0x00007ff6781eb800 JavaThread "Signal Dispatcher" daemon [_thread_blocked, id=3386, stack(0x00007ff658154000,0x00007ff658255000)]
  0x00007ff6781ed800 JavaThread "C2 CompilerThread0" daemon [_thread_blocked, id=3387, stack(0x00007ff658053000,0x00007ff658154000)]
  0x00007ff6781f8000 JavaThread "C1 CompilerThread0" daemon [_thread_blocked, id=3388, stack(0x00007ff6516ff000,0x00007ff651800000)]
  0x00007ff6781fc800 JavaThread "Sweeper thread" daemon [_thread_blocked, id=3389, stack(0x00007ff6515fe000,0x00007ff6516ff000)]
  0x00007ff678277800 JavaThread "Service Thread" daemon [_thread_blocked, id=3390, stack(0x00007ff6514fd000,0x00007ff6515fe000)]
  0x00007ff67828b800 JavaThread "Common-Cleaner" daemon [_thread_blocked, id=3392, stack(0x00007ff6512fa000,0x00007ff6513fb000)]

Other Threads:
  0x00007ff6781cb800 VMThread "VM Thread" [stack: 0x00007ff658459000,0x00007ff658559000] [id=3381]
  0x00007ff67827a000 WatcherThread [stack: 0x00007ff6513fd000,0x00007ff6514fd000] [id=3391]
  0x00007ff67803a000 GCTaskThread "GC Thread#0" [stack: 0x00007ff66011a000,0x00007ff66021a000] [id=3371]
  0x00007ff678045800 ConcurrentGCThread "G1 Main Marker" [stack: 0x00007ff65a09d000,0x00007ff65a19d000] [id=3372]
  0x00007ff678047800 ConcurrentGCThread "G1 Conc#0" [stack: 0x00007ff659f9b000,0x00007ff65a09b000] [id=3373]
  0x00007ff678169000 ConcurrentGCThread "G1 Refine#0" [stack: 0x00007ff658782000,0x00007ff658882000] [id=3374]
  0x00007ff67816b000 ConcurrentGCThread "G1 Young RemSet Sampling" [stack: 0x00007ff658680000,0x00007ff658780000] [id=3375]

Threads with active compile tasks:

VM state:not at safepoint (normal execution)

VM Mutex/Monitor currently owned by a thread: None

Heap address: 0x00000000f0600000, size: 250 MB, Compressed Oops mode: 32-bit
Narrow klass base: 0x0000000000000000, Narrow klass shift: 3
Compressed class space size: 1073741824 Address: 0x0000000100000000

Heap:
 garbage-first heap   total 256000K, used 1024K [0x00000000f0600000, 0x0000000100000000)
  region size 1024K, 2 young (2048K), 0 survivors (0K)
 Metaspace       used 4364K, capacity 4480K, committed 4480K, reserved 1056768K
  class space    used 379K, capacity 384K, committed 384K, reserved 1048576K
Heap Regions: E=young(eden), S=young(survivor), O=old, HS=humongous(starts), HC=humongous(continues), CS=collection set, F=free, A=archive, TAMS=top-at-mark-start (previous, next)
|   0|0x00000000f0600000, 0x00000000f0600000, 0x00000000f0700000|  0%| F|  |TAMS 0x00000000f0600000, 0x00000000f0600000| Untracked 
|   1|0x00000000f0700000, 0x00000000f0700000, 0x00000000f0800000|  0%| F|  |TAMS 0x00000000f0700000, 0x00000000f0700000| Untracked 
|   2|0x00000000f0800000, 0x00000000f0800000, 0x00000000f0900000|  0%| F|  |TAMS 0x00000000f0800000, 0x00000000f0800000| Untracked 
|   3|0x00000000f0900000, 0x00000000f0900000, 0x00000000f0a00000|  0%| F|  |TAMS 0x00000000f0900000, 0x00000000f0900000| Untracked 
|   4|0x00000000f0a00000, 0x00000000f0a00000, 0x00000000f0b00000|  0%| F|  |TAMS 0x00000000f0a00000, 0x00000000f0a00000| Untracked 
|   5|0x00000000f0b00000, 0x00000000f0b00000, 0x00000000f0c00000|  0%| F|  |TAMS 0x00000000f0b00000, 0x00000000f0b00000| Untracked 
|   6|0x00000000f0c00000, 0x00000000f0c00000, 0x00000000f0d00000|  0%| F|  |TAMS 0x00000000f0c00000, 0x00000000f0c00000| Untracked 
|   7|0x00000000f0d00000, 0x00000000f0d00000, 0x00000000f0e00000|  0%| F|  |TAMS 0x00000000f0d00000, 0x00000000f0d00000| Untracked 
|   8|0x00000000f0e00000, 0x00000000f0e00000, 0x00000000f0f00000|  0%| F|  |TAMS 0x00000000f0e00000, 0x00000000f0e00000| Untracked 
|   9|0x00000000f0f00000, 0x00000000f0f00000, 0x00000000f1000000|  0%| F|  |TAMS 0x00000000f0f00000, 0x00000000f0f00000| Untracked 
|  10|0x00000000f1000000, 0x00000000f1000000, 0x00000000f1100000|  0%| F|  |TAMS 0x00000000f1000000, 0x00000000f1000000| Untracked 
|  11|0x00000000f1100000, 0x00000000f1100000, 0x00000000f1200000|  0%| F|  |TAMS 0x00000000f1100000, 0x00000000f1100000| Untracked 
|  12|0x00000000f1200000, 0x00000000f1200000, 0x00000000f1300000|  0%| F|  |TAMS 0x00000000f1200000, 0x00000000f1200000| Untracked 
|  13|0x00000000f1300000, 0x00000000f1300000, 0x00000000f1400000|  0%| F|  |TAMS 0x00000000f1300000, 0x00000000f1300000| Untracked 
|  14|0x00000000f1400000, 0x00000000f1400000, 0x00000000f1500000|  0%| F|  |TAMS 0x00000000f1400000, 0x00000000f1400000| Untracked 
|  15|0x00000000f1500000, 0x00000000f1500000, 0x00000000f1600000|  0%| F|  |TAMS 0x00000000f1500000, 0x00000000f1500000| Untracked 
|  16|0x00000000f1600000, 0x00000000f1600000, 0x00000000f1700000|  0%| F|  |TAMS 0x00000000f1600000, 0x00000000f1600000| Untracked 
|  17|0x00000000f1700000, 0x00000000f1700000, 0x00000000f1800000|  0%| F|  |TAMS 0x00000000f1700000, 0x00000000f1700000| Untracked 
|  18|0x00000000f1800000, 0x00000000f1800000, 0x00000000f1900000|  0%| F|  |TAMS 0x00000000f1800000, 0x00000000f1800000| Untracked 
|  19|0x00000000f1900000, 0x00000000f1900000, 0x00000000f1a00000|  0%| F|  |TAMS 0x00000000f1900000, 0x00000000f1900000| Untracked 
|  20|0x00000000f1a00000, 0x00000000f1a00000, 0x00000000f1b00000|  0%| F|  |TAMS 0x00000000f1a00000, 0x00000000f1a00000| Untracked 
|  21|0x00000000f1b00000, 0x00000000f1b00000, 0x00000000f1c00000|  0%| F|  |TAMS 0x00000000f1b00000, 0x00000000f1b00000| Untracked 
|  22|0x00000000f1c00000, 0x00000000f1c00000, 0x00000000f1d00000|  0%| F|  |TAMS 0x00000000f1c00000, 0x00000000f1c00000| Untracked 
|  23|0x00000000f1d00000, 0x00000000f1d00000, 0x00000000f1e00000|  0%| F|  |TAMS 0x00000000f1d00000, 0x00000000f1d00000| Untracked 
|  24|0x00000000f1e00000, 0x00000000f1e00000, 0x00000000f1f00000|  0%| F|  |TAMS 0x00000000f1e00000, 0x00000000f1e00000| Untracked 
|  25|0x00000000f1f00000, 0x00000000f1f00000, 0x00000000f2000000|  0%| F|  |TAMS 0x00000000f1f00000, 0x00000000f1f00000| Untracked 
|  26|0x00000000f2000000, 0x00000000f2000000, 0x00000000f2100000|  0%| F|  |TAMS 0x00000000f2000000, 0x00000000f2000000| Untracked 
|  27|0x00000000f2100000, 0x00000000f2100000, 0x00000000f2200000|  0%| F|  |TAMS 0x00000000f2100000, 0x00000000f2100000| Untracked 
|  28|0x00000000f2200000, 0x00000000f2200000, 0x00000000f2300000|  0%| F|  |TAMS 0x00000000f2200000, 0x00000000f2200000| Untracked 
|  29|0x00000000f2300000, 0x00000000f2300000, 0x00000000f2400000|  0%| F|  |TAMS 0x00000000f2300000, 0x00000000f2300000| Untracked 
|  30|0x00000000f2400000, 0x00000000f2400000, 0x00000000f2500000|  0%| F|  |TAMS 0x00000000f2400000, 0x00000000f2400000| Untracked 
|  31|0x00000000f2500000, 0x00000000f2500000, 0x00000000f2600000|  0%| F|  |TAMS 0x00000000f2500000, 0x00000000f2500000| Untracked 
|  32|0x00000000f2600000, 0x00000000f2600000, 0x00000000f2700000|  0%| F|  |TAMS 0x00000000f2600000, 0x00000000f2600000| Untracked 
|  33|0x00000000f2700000, 0x00000000f2700000, 0x00000000f2800000|  0%| F|  |TAMS 0x00000000f2700000, 0x00000000f2700000| Untracked 
|  34|0x00000000f2800000, 0x00000000f2800000, 0x00000000f2900000|  0%| F|  |TAMS 0x00000000f2800000, 0x00000000f2800000| Untracked 
|  35|0x00000000f2900000, 0x00000000f2900000, 0x00000000f2a00000|  0%| F|  |TAMS 0x00000000f2900000, 0x00000000f2900000| Untracked 
|  36|0x00000000f2a00000, 0x00000000f2a00000, 0x00000000f2b00000|  0%| F|  |TAMS 0x00000000f2a00000, 0x00000000f2a00000| Untracked 
|  37|0x00000000f2b00000, 0x00000000f2b00000, 0x00000000f2c00000|  0%| F|  |TAMS 0x00000000f2b00000, 0x00000000f2b00000| Untracked 
|  38|0x00000000f2c00000, 0x00000000f2c00000, 0x00000000f2d00000|  0%| F|  |TAMS 0x00000000f2c00000, 0x00000000f2c00000| Untracked 
|  39|0x00000000f2d00000, 0x00000000f2d00000, 0x00000000f2e00000|  0%| F|  |TAMS 0x00000000f2d00000, 0x00000000f2d00000| Untracked 
|  40|0x00000000f2e00000, 0x00000000f2e00000, 0x00000000f2f00000|  0%| F|  |TAMS 0x00000000f2e00000, 0x00000000f2e00000| Untracked 
|  41|0x00000000f2f00000, 0x00000000f2f00000, 0x00000000f3000000|  0%| F|  |TAMS 0x00000000f2f00000, 0x00000000f2f00000| Untracked 
|  42|0x00000000f3000000, 0x00000000f3000000, 0x00000000f3100000|  0%| F|  |TAMS 0x00000000f3000000, 0x00000000f3000000| Untracked 
|  43|0x00000000f3100000, 0x00000000f3100000, 0x00000000f3200000|  0%| F|  |TAMS 0x00000000f3100000, 0x00000000f3100000| Untracked 
|  44|0x00000000f3200000, 0x00000000f3200000, 0x00000000f3300000|  0%| F|  |TAMS 0x00000000f3200000, 0x00000000f3200000| Untracked 
|  45|0x00000000f3300000, 0x00000000f3300000, 0x00000000f3400000|  0%| F|  |TAMS 0x00000000f3300000, 0x00000000f3300000| Untracked 
|  46|0x00000000f3400000, 0x00000000f3400000, 0x00000000f3500000|  0%| F|  |TAMS 0x00000000f3400000, 0x00000000f3400000| Untracked 
|  47|0x00000000f3500000, 0x00000000f3500000, 0x00000000f3600000|  0%| F|  |TAMS 0x00000000f3500000, 0x00000000f3500000| Untracked 
|  48|0x00000000f3600000, 0x00000000f3600000, 0x00000000f3700000|  0%| F|  |TAMS 0x00000000f3600000, 0x00000000f3600000| Untracked 
|  49|0x00000000f3700000, 0x00000000f3700000, 0x00000000f3800000|  0%| F|  |TAMS 0x00000000f3700000, 0x00000000f3700000| Untracked 
|  50|0x00000000f3800000, 0x00000000f3800000, 0x00000000f3900000|  0%| F|  |TAMS 0x00000000f3800000, 0x00000000f3800000| Untracked 
|  51|0x00000000f3900000, 0x00000000f3900000, 0x00000000f3a00000|  0%| F|  |TAMS 0x00000000f3900000, 0x00000000f3900000| Untracked 
|  52|0x00000000f3a00000, 0x00000000f3a00000, 0x00000000f3b00000|  0%| F|  |TAMS 0x00000000f3a00000, 0x00000000f3a00000| Untracked 
|  53|0x00000000f3b00000, 0x00000000f3b00000, 0x00000000f3c00000|  0%| F|  |TAMS 0x00000000f3b00000, 0x00000000f3b00000| Untracked 
|  54|0x00000000f3c00000, 0x00000000f3c00000, 0x00000000f3d00000|  0%| F|  |TAMS 0x00000000f3c00000, 0x00000000f3c00000| Untracked 
|  55|0x00000000f3d00000, 0x00000000f3d00000, 0x00000000f3e00000|  0%| F|  |TAMS 0x00000000f3d00000, 0x00000000f3d00000| Untracked 
|  56|0x00000000f3e00000, 0x00000000f3e00000, 0x00000000f3f00000|  0%| F|  |TAMS 0x00000000f3e00000, 0x00000000f3e00000| Untracked 
|  57|0x00000000f3f00000, 0x00000000f3f00000, 0x00000000f4000000|  0%| F|  |TAMS 0x00000000f3f00000, 0x00000000f3f00000| Untracked 
|  58|0x00000000f4000000, 0x00000000f4000000, 0x00000000f4100000|  0%| F|  |TAMS 0x00000000f4000000, 0x00000000f4000000| Untracked 
|  59|0x00000000f4100000, 0x00000000f4100000, 0x00000000f4200000|  0%| F|  |TAMS 0x00000000f4100000, 0x00000000f4100000| Untracked 
|  60|0x00000000f4200000, 0x00000000f4200000, 0x00000000f4300000|  0%| F|  |TAMS 0x00000000f4200000, 0x00000000f4200000| Untracked 
|  61|0x00000000f4300000, 0x00000000f4300000, 0x00000000f4400000|  0%| F|  |TAMS 0x00000000f4300000, 0x00000000f4300000| Untracked 
|  62|0x00000000f4400000, 0x00000000f4400000, 0x00000000f4500000|  0%| F|  |TAMS 0x00000000f4400000, 0x00000000f4400000| Untracked 
|  63|0x00000000f4500000, 0x00000000f4500000, 0x00000000f4600000|  0%| F|  |TAMS 0x00000000f4500000, 0x00000000f4500000| Untracked 
|  64|0x00000000f4600000, 0x00000000f4600000, 0x00000000f4700000|  0%| F|  |TAMS 0x00000000f4600000, 0x00000000f4600000| Untracked 
|  65|0x00000000f4700000, 0x00000000f4700000, 0x00000000f4800000|  0%| F|  |TAMS 0x00000000f4700000, 0x00000000f4700000| Untracked 
|  66|0x00000000f4800000, 0x00000000f4800000, 0x00000000f4900000|  0%| F|  |TAMS 0x00000000f4800000, 0x00000000f4800000| Untracked 
|  67|0x00000000f4900000, 0x00000000f4900000, 0x00000000f4a00000|  0%| F|  |TAMS 0x00000000f4900000, 0x00000000f4900000| Untracked 
|  68|0x00000000f4a00000, 0x00000000f4a00000, 0x00000000f4b00000|  0%| F|  |TAMS 0x00000000f4a00000, 0x00000000f4a00000| Untracked 
|  69|0x00000000f4b00000, 0x00000000f4b00000, 0x00000000f4c00000|  0%| F|  |TAMS 0x00000000f4b00000, 0x00000000f4b00000| Untracked 
|  70|0x00000000f4c00000, 0x00000000f4c00000, 0x00000000f4d00000|  0%| F|  |TAMS 0x00000000f4c00000, 0x00000000f4c00000| Untracked 
|  71|0x00000000f4d00000, 0x00000000f4d00000, 0x00000000f4e00000|  0%| F|  |TAMS 0x00000000f4d00000, 0x00000000f4d00000| Untracked 
|  72|0x00000000f4e00000, 0x00000000f4e00000, 0x00000000f4f00000|  0%| F|  |TAMS 0x00000000f4e00000, 0x00000000f4e00000| Untracked 
|  73|0x00000000f4f00000, 0x00000000f4f00000, 0x00000000f5000000|  0%| F|  |TAMS 0x00000000f4f00000, 0x00000000f4f00000| Untracked 
|  74|0x00000000f5000000, 0x00000000f5000000, 0x00000000f5100000|  0%| F|  |TAMS 0x00000000f5000000, 0x00000000f5000000| Untracked 
|  75|0x00000000f5100000, 0x00000000f5100000, 0x00000000f5200000|  0%| F|  |TAMS 0x00000000f5100000, 0x00000000f5100000| Untracked 
|  76|0x00000000f5200000, 0x00000000f5200000, 0x00000000f5300000|  0%| F|  |TAMS 0x00000000f5200000, 0x00000000f5200000| Untracked 
|  77|0x00000000f5300000, 0x00000000f5300000, 0x00000000f5400000|  0%| F|  |TAMS 0x00000000f5300000, 0x00000000f5300000| Untracked 
|  78|0x00000000f5400000, 0x00000000f5400000, 0x00000000f5500000|  0%| F|  |TAMS 0x00000000f5400000, 0x00000000f5400000| Untracked 
|  79|0x00000000f5500000, 0x00000000f5500000, 0x00000000f5600000|  0%| F|  |TAMS 0x00000000f5500000, 0x00000000f5500000| Untracked 
|  80|0x00000000f5600000, 0x00000000f5600000, 0x00000000f5700000|  0%| F|  |TAMS 0x00000000f5600000, 0x00000000f5600000| Untracked 
|  81|0x00000000f5700000, 0x00000000f5700000, 0x00000000f5800000|  0%| F|  |TAMS 0x00000000f5700000, 0x00000000f5700000| Untracked 
|  82|0x00000000f5800000, 0x00000000f5800000, 0x00000000f5900000|  0%| F|  |TAMS 0x00000000f5800000, 0x00000000f5800000| Untracked 
|  83|0x00000000f5900000, 0x00000000f5900000, 0x00000000f5a00000|  0%| F|  |TAMS 0x00000000f5900000, 0x00000000f5900000| Untracked 
|  84|0x00000000f5a00000, 0x00000000f5a00000, 0x00000000f5b00000|  0%| F|  |TAMS 0x00000000f5a00000, 0x00000000f5a00000| Untracked 
|  85|0x00000000f5b00000, 0x00000000f5b00000, 0x00000000f5c00000|  0%| F|  |TAMS 0x00000000f5b00000, 0x00000000f5b00000| Untracked 
|  86|0x00000000f5c00000, 0x00000000f5c00000, 0x00000000f5d00000|  0%| F|  |TAMS 0x00000000f5c00000, 0x00000000f5c00000| Untracked 
|  87|0x00000000f5d00000, 0x00000000f5d00000, 0x00000000f5e00000|  0%| F|  |TAMS 0x00000000f5d00000, 0x00000000f5d00000| Untracked 
|  88|0x00000000f5e00000, 0x00000000f5e00000, 0x00000000f5f00000|  0%| F|  |TAMS 0x00000000f5e00000, 0x00000000f5e00000| Untracked 
|  89|0x00000000f5f00000, 0x00000000f5f00000, 0x00000000f6000000|  0%| F|  |TAMS 0x00000000f5f00000, 0x00000000f5f00000| Untracked 
|  90|0x00000000f6000000, 0x00000000f6000000, 0x00000000f6100000|  0%| F|  |TAMS 0x00000000f6000000, 0x00000000f6000000| Untracked 
|  91|0x00000000f6100000, 0x00000000f6100000, 0x00000000f6200000|  0%| F|  |TAMS 0x00000000f6100000, 0x00000000f6100000| Untracked 
|  92|0x00000000f6200000, 0x00000000f6200000, 0x00000000f6300000|  0%| F|  |TAMS 0x00000000f6200000, 0x00000000f6200000| Untracked 
|  93|0x00000000f6300000, 0x00000000f6300000, 0x00000000f6400000|  0%| F|  |TAMS 0x00000000f6300000, 0x00000000f6300000| Untracked 
|  94|0x00000000f6400000, 0x00000000f6400000, 0x00000000f6500000|  0%| F|  |TAMS 0x00000000f6400000, 0x00000000f6400000| Untracked 
|  95|0x00000000f6500000, 0x00000000f6500000, 0x00000000f6600000|  0%| F|  |TAMS 0x00000000f6500000, 0x00000000f6500000| Untracked 
|  96|0x00000000f6600000, 0x00000000f6600000, 0x00000000f6700000|  0%| F|  |TAMS 0x00000000f6600000, 0x00000000f6600000| Untracked 
|  97|0x00000000f6700000, 0x00000000f6700000, 0x00000000f6800000|  0%| F|  |TAMS 0x00000000f6700000, 0x00000000f6700000| Untracked 
|  98|0x00000000f6800000, 0x00000000f6800000, 0x00000000f6900000|  0%| F|  |TAMS 0x00000000f6800000, 0x00000000f6800000| Untracked 
|  99|0x00000000f6900000, 0x00000000f6900000, 0x00000000f6a00000|  0%| F|  |TAMS 0x00000000f6900000, 0x00000000f6900000| Untracked 
| 100|0x00000000f6a00000, 0x00000000f6a00000, 0x00000000f6b00000|  0%| F|  |TAMS 0x00000000f6a00000, 0x00000000f6a00000| Untracked 
| 101|0x00000000f6b00000, 0x00000000f6b00000, 0x00000000f6c00000|  0%| F|  |TAMS 0x00000000f6b00000, 0x00000000f6b00000| Untracked 
| 102|0x00000000f6c00000, 0x00000000f6c00000, 0x00000000f6d00000|  0%| F|  |TAMS 0x00000000f6c00000, 0x00000000f6c00000| Untracked 
| 103|0x00000000f6d00000, 0x00000000f6d00000, 0x00000000f6e00000|  0%| F|  |TAMS 0x00000000f6d00000, 0x00000000f6d00000| Untracked 
| 104|0x00000000f6e00000, 0x00000000f6e00000, 0x00000000f6f00000|  0%| F|  |TAMS 0x00000000f6e00000, 0x00000000f6e00000| Untracked 
| 105|0x00000000f6f00000, 0x00000000f6f00000, 0x00000000f7000000|  0%| F|  |TAMS 0x00000000f6f00000, 0x00000000f6f00000| Untracked 
| 106|0x00000000f7000000, 0x00000000f7000000, 0x00000000f7100000|  0%| F|  |TAMS 0x00000000f7000000, 0x00000000f7000000| Untracked 
| 107|0x00000000f7100000, 0x00000000f7100000, 0x00000000f7200000|  0%| F|  |TAMS 0x00000000f7100000, 0x00000000f7100000| Untracked 
| 108|0x00000000f7200000, 0x00000000f7200000, 0x00000000f7300000|  0%| F|  |TAMS 0x00000000f7200000, 0x00000000f7200000| Untracked 
| 109|0x00000000f7300000, 0x00000000f7300000, 0x00000000f7400000|  0%| F|  |TAMS 0x00000000f7300000, 0x00000000f7300000| Untracked 
| 110|0x00000000f7400000, 0x00000000f7400000, 0x00000000f7500000|  0%| F|  |TAMS 0x00000000f7400000, 0x00000000f7400000| Untracked 
| 111|0x00000000f7500000, 0x00000000f7500000, 0x00000000f7600000|  0%| F|  |TAMS 0x00000000f7500000, 0x00000000f7500000| Untracked 
| 112|0x00000000f7600000, 0x00000000f7600000, 0x00000000f7700000|  0%| F|  |TAMS 0x00000000f7600000, 0x00000000f7600000| Untracked 
| 113|0x00000000f7700000, 0x00000000f7700000, 0x00000000f7800000|  0%| F|  |TAMS 0x00000000f7700000, 0x00000000f7700000| Untracked 
| 114|0x00000000f7800000, 0x00000000f7800000, 0x00000000f7900000|  0%| F|  |TAMS 0x00000000f7800000, 0x00000000f7800000| Untracked 
| 115|0x00000000f7900000, 0x00000000f7900000, 0x00000000f7a00000|  0%| F|  |TAMS 0x00000000f7900000, 0x00000000f7900000| Untracked 
| 116|0x00000000f7a00000, 0x00000000f7a00000, 0x00000000f7b00000|  0%| F|  |TAMS 0x00000000f7a00000, 0x00000000f7a00000| Untracked 
| 117|0x00000000f7b00000, 0x00000000f7b00000, 0x00000000f7c00000|  0%| F|  |TAMS 0x00000000f7b00000, 0x00000000f7b00000| Untracked 
| 118|0x00000000f7c00000, 0x00000000f7c00000, 0x00000000f7d00000|  0%| F|  |TAMS 0x00000000f7c00000, 0x00000000f7c00000| Untracked 
| 119|0x00000000f7d00000, 0x00000000f7d00000, 0x00000000f7e00000|  0%| F|  |TAMS 0x00000000f7d00000, 0x00000000f7d00000| Untracked 
| 120|0x00000000f7e00000, 0x00000000f7e00000, 0x00000000f7f00000|  0%| F|  |TAMS 0x00000000f7e00000, 0x00000000f7e00000| Untracked 
| 121|0x00000000f7f00000, 0x00000000f7f00000, 0x00000000f8000000|  0%| F|  |TAMS 0x00000000f7f00000, 0x00000000f7f00000| Untracked 
| 122|0x00000000f8000000, 0x00000000f8000000, 0x00000000f8100000|  0%| F|  |TAMS 0x00000000f8000000, 0x00000000f8000000| Untracked 
| 123|0x00000000f8100000, 0x00000000f8100000, 0x00000000f8200000|  0%| F|  |TAMS 0x00000000f8100000, 0x00000000f8100000| Untracked 
| 124|0x00000000f8200000, 0x00000000f8200000, 0x00000000f8300000|  0%| F|  |TAMS 0x00000000f8200000, 0x00000000f8200000| Untracked 
| 125|0x00000000f8300000, 0x00000000f8300000, 0x00000000f8400000|  0%| F|  |TAMS 0x00000000f8300000, 0x00000000f8300000| Untracked 
| 126|0x00000000f8400000, 0x00000000f8400000, 0x00000000f8500000|  0%| F|  |TAMS 0x00000000f8400000, 0x00000000f8400000| Untracked 
| 127|0x00000000f8500000, 0x00000000f8500000, 0x00000000f8600000|  0%| F|  |TAMS 0x00000000f8500000, 0x00000000f8500000| Untracked 
| 128|0x00000000f8600000, 0x00000000f8600000, 0x00000000f8700000|  0%| F|  |TAMS 0x00000000f8600000, 0x00000000f8600000| Untracked 
| 129|0x00000000f8700000, 0x00000000f8700000, 0x00000000f8800000|  0%| F|  |TAMS 0x00000000f8700000, 0x00000000f8700000| Untracked 
| 130|0x00000000f8800000, 0x00000000f8800000, 0x00000000f8900000|  0%| F|  |TAMS 0x00000000f8800000, 0x00000000f8800000| Untracked 
| 131|0x00000000f8900000, 0x00000000f8900000, 0x00000000f8a00000|  0%| F|  |TAMS 0x00000000f8900000, 0x00000000f8900000| Untracked 
| 132|0x00000000f8a00000, 0x00000000f8a00000, 0x00000000f8b00000|  0%| F|  |TAMS 0x00000000f8a00000, 0x00000000f8a00000| Untracked 
| 133|0x00000000f8b00000, 0x00000000f8b00000, 0x00000000f8c00000|  0%| F|  |TAMS 0x00000000f8b00000, 0x00000000f8b00000| Untracked 
| 134|0x00000000f8c00000, 0x00000000f8c00000, 0x00000000f8d00000|  0%| F|  |TAMS 0x00000000f8c00000, 0x00000000f8c00000| Untracked 
| 135|0x00000000f8d00000, 0x00000000f8d00000, 0x00000000f8e00000|  0%| F|  |TAMS 0x00000000f8d00000, 0x00000000f8d00000| Untracked 
| 136|0x00000000f8e00000, 0x00000000f8e00000, 0x00000000f8f00000|  0%| F|  |TAMS 0x00000000f8e00000, 0x00000000f8e00000| Untracked 
| 137|0x00000000f8f00000, 0x00000000f8f00000, 0x00000000f9000000|  0%| F|  |TAMS 0x00000000f8f00000, 0x00000000f8f00000| Untracked 
| 138|0x00000000f9000000, 0x00000000f9000000, 0x00000000f9100000|  0%| F|  |TAMS 0x00000000f9000000, 0x00000000f9000000| Untracked 
| 139|0x00000000f9100000, 0x00000000f9100000, 0x00000000f9200000|  0%| F|  |TAMS 0x00000000f9100000, 0x00000000f9100000| Untracked 
| 140|0x00000000f9200000, 0x00000000f9200000, 0x00000000f9300000|  0%| F|  |TAMS 0x00000000f9200000, 0x00000000f9200000| Untracked 
| 141|0x00000000f9300000, 0x00000000f9300000, 0x00000000f9400000|  0%| F|  |TAMS 0x00000000f9300000, 0x00000000f9300000| Untracked 
| 142|0x00000000f9400000, 0x00000000f9400000, 0x00000000f9500000|  0%| F|  |TAMS 0x00000000f9400000, 0x00000000f9400000| Untracked 
| 143|0x00000000f9500000, 0x00000000f9500000, 0x00000000f9600000|  0%| F|  |TAMS 0x00000000f9500000, 0x00000000f9500000| Untracked 
| 144|0x00000000f9600000, 0x00000000f9600000, 0x00000000f9700000|  0%| F|  |TAMS 0x00000000f9600000, 0x00000000f9600000| Untracked 
| 145|0x00000000f9700000, 0x00000000f9700000, 0x00000000f9800000|  0%| F|  |TAMS 0x00000000f9700000, 0x00000000f9700000| Untracked 
| 146|0x00000000f9800000, 0x00000000f9800000, 0x00000000f9900000|  0%| F|  |TAMS 0x00000000f9800000, 0x00000000f9800000| Untracked 
| 147|0x00000000f9900000, 0x00000000f9900000, 0x00000000f9a00000|  0%| F|  |TAMS 0x00000000f9900000, 0x00000000f9900000| Untracked 
| 148|0x00000000f9a00000, 0x00000000f9a00000, 0x00000000f9b00000|  0%| F|  |TAMS 0x00000000f9a00000, 0x00000000f9a00000| Untracked 
| 149|0x00000000f9b00000, 0x00000000f9b00000, 0x00000000f9c00000|  0%| F|  |TAMS 0x00000000f9b00000, 0x00000000f9b00000| Untracked 
| 150|0x00000000f9c00000, 0x00000000f9c00000, 0x00000000f9d00000|  0%| F|  |TAMS 0x00000000f9c00000, 0x00000000f9c00000| Untracked 
| 151|0x00000000f9d00000, 0x00000000f9d00000, 0x00000000f9e00000|  0%| F|  |TAMS 0x00000000f9d00000, 0x00000000f9d00000| Untracked 
| 152|0x00000000f9e00000, 0x00000000f9e00000, 0x00000000f9f00000|  0%| F|  |TAMS 0x00000000f9e00000, 0x00000000f9e00000| Untracked 
| 153|0x00000000f9f00000, 0x00000000f9f00000, 0x00000000fa000000|  0%| F|  |TAMS 0x00000000f9f00000, 0x00000000f9f00000| Untracked 
| 154|0x00000000fa000000, 0x00000000fa000000, 0x00000000fa100000|  0%| F|  |TAMS 0x00000000fa000000, 0x00000000fa000000| Untracked 
| 155|0x00000000fa100000, 0x00000000fa100000, 0x00000000fa200000|  0%| F|  |TAMS 0x00000000fa100000, 0x00000000fa100000| Untracked 
| 156|0x00000000fa200000, 0x00000000fa200000, 0x00000000fa300000|  0%| F|  |TAMS 0x00000000fa200000, 0x00000000fa200000| Untracked 
| 157|0x00000000fa300000, 0x00000000fa300000, 0x00000000fa400000|  0%| F|  |TAMS 0x00000000fa300000, 0x00000000fa300000| Untracked 
| 158|0x00000000fa400000, 0x00000000fa400000, 0x00000000fa500000|  0%| F|  |TAMS 0x00000000fa400000, 0x00000000fa400000| Untracked 
| 159|0x00000000fa500000, 0x00000000fa500000, 0x00000000fa600000|  0%| F|  |TAMS 0x00000000fa500000, 0x00000000fa500000| Untracked 
| 160|0x00000000fa600000, 0x00000000fa600000, 0x00000000fa700000|  0%| F|  |TAMS 0x00000000fa600000, 0x00000000fa600000| Untracked 
| 161|0x00000000fa700000, 0x00000000fa700000, 0x00000000fa800000|  0%| F|  |TAMS 0x00000000fa700000, 0x00000000fa700000| Untracked 
| 162|0x00000000fa800000, 0x00000000fa800000, 0x00000000fa900000|  0%| F|  |TAMS 0x00000000fa800000, 0x00000000fa800000| Untracked 
| 163|0x00000000fa900000, 0x00000000fa900000, 0x00000000faa00000|  0%| F|  |TAMS 0x00000000fa900000, 0x00000000fa900000| Untracked 
| 164|0x00000000faa00000, 0x00000000faa00000, 0x00000000fab00000|  0%| F|  |TAMS 0x00000000faa00000, 0x00000000faa00000| Untracked 
| 165|0x00000000fab00000, 0x00000000fab00000, 0x00000000fac00000|  0%| F|  |TAMS 0x00000000fab00000, 0x00000000fab00000| Untracked 
| 166|0x00000000fac00000, 0x00000000fac00000, 0x00000000fad00000|  0%| F|  |TAMS 0x00000000fac00000, 0x00000000fac00000| Untracked 
| 167|0x00000000fad00000, 0x00000000fad00000, 0x00000000fae00000|  0%| F|  |TAMS 0x00000000fad00000, 0x00000000fad00000| Untracked 
| 168|0x00000000fae00000, 0x00000000fae00000, 0x00000000faf00000|  0%| F|  |TAMS 0x00000000fae00000, 0x00000000fae00000| Untracked 
| 169|0x00000000faf00000, 0x00000000faf00000, 0x00000000fb000000|  0%| F|  |TAMS 0x00000000faf00000, 0x00000000faf00000| Untracked 
| 170|0x00000000fb000000, 0x00000000fb000000, 0x00000000fb100000|  0%| F|  |TAMS 0x00000000fb000000, 0x00000000fb000000| Untracked 
| 171|0x00000000fb100000, 0x00000000fb100000, 0x00000000fb200000|  0%| F|  |TAMS 0x00000000fb100000, 0x00000000fb100000| Untracked 
| 172|0x00000000fb200000, 0x00000000fb200000, 0x00000000fb300000|  0%| F|  |TAMS 0x00000000fb200000, 0x00000000fb200000| Untracked 
| 173|0x00000000fb300000, 0x00000000fb300000, 0x00000000fb400000|  0%| F|  |TAMS 0x00000000fb300000, 0x00000000fb300000| Untracked 
| 174|0x00000000fb400000, 0x00000000fb400000, 0x00000000fb500000|  0%| F|  |TAMS 0x00000000fb400000, 0x00000000fb400000| Untracked 
| 175|0x00000000fb500000, 0x00000000fb500000, 0x00000000fb600000|  0%| F|  |TAMS 0x00000000fb500000, 0x00000000fb500000| Untracked 
| 176|0x00000000fb600000, 0x00000000fb600000, 0x00000000fb700000|  0%| F|  |TAMS 0x00000000fb600000, 0x00000000fb600000| Untracked 
| 177|0x00000000fb700000, 0x00000000fb700000, 0x00000000fb800000|  0%| F|  |TAMS 0x00000000fb700000, 0x00000000fb700000| Untracked 
| 178|0x00000000fb800000, 0x00000000fb800000, 0x00000000fb900000|  0%| F|  |TAMS 0x00000000fb800000, 0x00000000fb800000| Untracked 
| 179|0x00000000fb900000, 0x00000000fb900000, 0x00000000fba00000|  0%| F|  |TAMS 0x00000000fb900000, 0x00000000fb900000| Untracked 
| 180|0x00000000fba00000, 0x00000000fba00000, 0x00000000fbb00000|  0%| F|  |TAMS 0x00000000fba00000, 0x00000000fba00000| Untracked 
| 181|0x00000000fbb00000, 0x00000000fbb00000, 0x00000000fbc00000|  0%| F|  |TAMS 0x00000000fbb00000, 0x00000000fbb00000| Untracked 
| 182|0x00000000fbc00000, 0x00000000fbc00000, 0x00000000fbd00000|  0%| F|  |TAMS 0x00000000fbc00000, 0x00000000fbc00000| Untracked 
| 183|0x00000000fbd00000, 0x00000000fbd00000, 0x00000000fbe00000|  0%| F|  |TAMS 0x00000000fbd00000, 0x00000000fbd00000| Untracked 
| 184|0x00000000fbe00000, 0x00000000fbe00000, 0x00000000fbf00000|  0%| F|  |TAMS 0x00000000fbe00000, 0x00000000fbe00000| Untracked 
| 185|0x00000000fbf00000, 0x00000000fbf00000, 0x00000000fc000000|  0%| F|  |TAMS 0x00000000fbf00000, 0x00000000fbf00000| Untracked 
| 186|0x00000000fc000000, 0x00000000fc000000, 0x00000000fc100000|  0%| F|  |TAMS 0x00000000fc000000, 0x00000000fc000000| Untracked 
| 187|0x00000000fc100000, 0x00000000fc100000, 0x00000000fc200000|  0%| F|  |TAMS 0x00000000fc100000, 0x00000000fc100000| Untracked 
| 188|0x00000000fc200000, 0x00000000fc200000, 0x00000000fc300000|  0%| F|  |TAMS 0x00000000fc200000, 0x00000000fc200000| Untracked 
| 189|0x00000000fc300000, 0x00000000fc300000, 0x00000000fc400000|  0%| F|  |TAMS 0x00000000fc300000, 0x00000000fc300000| Untracked 
| 190|0x00000000fc400000, 0x00000000fc400000, 0x00000000fc500000|  0%| F|  |TAMS 0x00000000fc400000, 0x00000000fc400000| Untracked 
| 191|0x00000000fc500000, 0x00000000fc500000, 0x00000000fc600000|  0%| F|  |TAMS 0x00000000fc500000, 0x00000000fc500000| Untracked 
| 192|0x00000000fc600000, 0x00000000fc600000, 0x00000000fc700000|  0%| F|  |TAMS 0x00000000fc600000, 0x00000000fc600000| Untracked 
| 193|0x00000000fc700000, 0x00000000fc700000, 0x00000000fc800000|  0%| F|  |TAMS 0x00000000fc700000, 0x00000000fc700000| Untracked 
| 194|0x00000000fc800000, 0x00000000fc800000, 0x00000000fc900000|  0%| F|  |TAMS 0x00000000fc800000, 0x00000000fc800000| Untracked 
| 195|0x00000000fc900000, 0x00000000fc900000, 0x00000000fca00000|  0%| F|  |TAMS 0x00000000fc900000, 0x00000000fc900000| Untracked 
| 196|0x00000000fca00000, 0x00000000fca00000, 0x00000000fcb00000|  0%| F|  |TAMS 0x00000000fca00000, 0x00000000fca00000| Untracked 
| 197|0x00000000fcb00000, 0x00000000fcb00000, 0x00000000fcc00000|  0%| F|  |TAMS 0x00000000fcb00000, 0x00000000fcb00000| Untracked 
| 198|0x00000000fcc00000, 0x00000000fcc00000, 0x00000000fcd00000|  0%| F|  |TAMS 0x00000000fcc00000, 0x00000000fcc00000| Untracked 
| 199|0x00000000fcd00000, 0x00000000fcd00000, 0x00000000fce00000|  0%| F|  |TAMS 0x00000000fcd00000, 0x00000000fcd00000| Untracked 
| 200|0x00000000fce00000, 0x00000000fce00000, 0x00000000fcf00000|  0%| F|  |TAMS 0x00000000fce00000, 0x00000000fce00000| Untracked 
| 201|0x00000000fcf00000, 0x00000000fcf00000, 0x00000000fd000000|  0%| F|  |TAMS 0x00000000fcf00000, 0x00000000fcf00000| Untracked 
| 202|0x00000000fd000000, 0x00000000fd000000, 0x00000000fd100000|  0%| F|  |TAMS 0x00000000fd000000, 0x00000000fd000000| Untracked 
| 203|0x00000000fd100000, 0x00000000fd100000, 0x00000000fd200000|  0%| F|  |TAMS 0x00000000fd100000, 0x00000000fd100000| Untracked 
| 204|0x00000000fd200000, 0x00000000fd200000, 0x00000000fd300000|  0%| F|  |TAMS 0x00000000fd200000, 0x00000000fd200000| Untracked 
| 205|0x00000000fd300000, 0x00000000fd300000, 0x00000000fd400000|  0%| F|  |TAMS 0x00000000fd300000, 0x00000000fd300000| Untracked 
| 206|0x00000000fd400000, 0x00000000fd400000, 0x00000000fd500000|  0%| F|  |TAMS 0x00000000fd400000, 0x00000000fd400000| Untracked 
| 207|0x00000000fd500000, 0x00000000fd500000, 0x00000000fd600000|  0%| F|  |TAMS 0x00000000fd500000, 0x00000000fd500000| Untracked 
| 208|0x00000000fd600000, 0x00000000fd600000, 0x00000000fd700000|  0%| F|  |TAMS 0x00000000fd600000, 0x00000000fd600000| Untracked 
| 209|0x00000000fd700000, 0x00000000fd700000, 0x00000000fd800000|  0%| F|  |TAMS 0x00000000fd700000, 0x00000000fd700000| Untracked 
| 210|0x00000000fd800000, 0x00000000fd800000, 0x00000000fd900000|  0%| F|  |TAMS 0x00000000fd800000, 0x00000000fd800000| Untracked 
| 211|0x00000000fd900000, 0x00000000fd900000, 0x00000000fda00000|  0%| F|  |TAMS 0x00000000fd900000, 0x00000000fd900000| Untracked 
| 212|0x00000000fda00000, 0x00000000fda00000, 0x00000000fdb00000|  0%| F|  |TAMS 0x00000000fda00000, 0x00000000fda00000| Untracked 
| 213|0x00000000fdb00000, 0x00000000fdb00000, 0x00000000fdc00000|  0%| F|  |TAMS 0x00000000fdb00000, 0x00000000fdb00000| Untracked 
| 214|0x00000000fdc00000, 0x00000000fdc00000, 0x00000000fdd00000|  0%| F|  |TAMS 0x00000000fdc00000, 0x00000000fdc00000| Untracked 
| 215|0x00000000fdd00000, 0x00000000fdd00000, 0x00000000fde00000|  0%| F|  |TAMS 0x00000000fdd00000, 0x00000000fdd00000| Untracked 
| 216|0x00000000fde00000, 0x00000000fde00000, 0x00000000fdf00000|  0%| F|  |TAMS 0x00000000fde00000, 0x00000000fde00000| Untracked 
| 217|0x00000000fdf00000, 0x00000000fdf00000, 0x00000000fe000000|  0%| F|  |TAMS 0x00000000fdf00000, 0x00000000fdf00000| Untracked 
| 218|0x00000000fe000000, 0x00000000fe000000, 0x00000000fe100000|  0%| F|  |TAMS 0x00000000fe000000, 0x00000000fe000000| Untracked 
| 219|0x00000000fe100000, 0x00000000fe100000, 0x00000000fe200000|  0%| F|  |TAMS 0x00000000fe100000, 0x00000000fe100000| Untracked 
| 220|0x00000000fe200000, 0x00000000fe200000, 0x00000000fe300000|  0%| F|  |TAMS 0x00000000fe200000, 0x00000000fe200000| Untracked 
| 221|0x00000000fe300000, 0x00000000fe300000, 0x00000000fe400000|  0%| F|  |TAMS 0x00000000fe300000, 0x00000000fe300000| Untracked 
| 222|0x00000000fe400000, 0x00000000fe400000, 0x00000000fe500000|  0%| F|  |TAMS 0x00000000fe400000, 0x00000000fe400000| Untracked 
| 223|0x00000000fe500000, 0x00000000fe500000, 0x00000000fe600000|  0%| F|  |TAMS 0x00000000fe500000, 0x00000000fe500000| Untracked 
| 224|0x00000000fe600000, 0x00000000fe600000, 0x00000000fe700000|  0%| F|  |TAMS 0x00000000fe600000, 0x00000000fe600000| Untracked 
| 225|0x00000000fe700000, 0x00000000fe700000, 0x00000000fe800000|  0%| F|  |TAMS 0x00000000fe700000, 0x00000000fe700000| Untracked 
| 226|0x00000000fe800000, 0x00000000fe800000, 0x00000000fe900000|  0%| F|  |TAMS 0x00000000fe800000, 0x00000000fe800000| Untracked 
| 227|0x00000000fe900000, 0x00000000fe900000, 0x00000000fea00000|  0%| F|  |TAMS 0x00000000fe900000, 0x00000000fe900000| Untracked 
| 228|0x00000000fea00000, 0x00000000fea00000, 0x00000000feb00000|  0%| F|  |TAMS 0x00000000fea00000, 0x00000000fea00000| Untracked 
| 229|0x00000000feb00000, 0x00000000feb00000, 0x00000000fec00000|  0%| F|  |TAMS 0x00000000feb00000, 0x00000000feb00000| Untracked 
| 230|0x00000000fec00000, 0x00000000fec00000, 0x00000000fed00000|  0%| F|  |TAMS 0x00000000fec00000, 0x00000000fec00000| Untracked 
| 231|0x00000000fed00000, 0x00000000fed00000, 0x00000000fee00000|  0%| F|  |TAMS 0x00000000fed00000, 0x00000000fed00000| Untracked 
| 232|0x00000000fee00000, 0x00000000fee00000, 0x00000000fef00000|  0%| F|  |TAMS 0x00000000fee00000, 0x00000000fee00000| Untracked 
| 233|0x00000000fef00000, 0x00000000fef00000, 0x00000000ff000000|  0%| F|  |TAMS 0x00000000fef00000, 0x00000000fef00000| Untracked 
| 234|0x00000000ff000000, 0x00000000ff000000, 0x00000000ff100000|  0%| F|  |TAMS 0x00000000ff000000, 0x00000000ff000000| Untracked 
| 235|0x00000000ff100000, 0x00000000ff100000, 0x00000000ff200000|  0%| F|  |TAMS 0x00000000ff100000, 0x00000000ff100000| Untracked 
| 236|0x00000000ff200000, 0x00000000ff200000, 0x00000000ff300000|  0%| F|  |TAMS 0x00000000ff200000, 0x00000000ff200000| Untracked 
| 237|0x00000000ff300000, 0x00000000ff300000, 0x00000000ff400000|  0%| F|  |TAMS 0x00000000ff300000, 0x00000000ff300000| Untracked 
| 238|0x00000000ff400000, 0x00000000ff400000, 0x00000000ff500000|  0%| F|  |TAMS 0x00000000ff400000, 0x00000000ff400000| Untracked 
| 239|0x00000000ff500000, 0x00000000ff500000, 0x00000000ff600000|  0%| F|  |TAMS 0x00000000ff500000, 0x00000000ff500000| Untracked 
| 240|0x00000000ff600000, 0x00000000ff600000, 0x00000000ff700000|  0%| F|  |TAMS 0x00000000ff600000, 0x00000000ff600000| Untracked 
| 241|0x00000000ff700000, 0x00000000ff700000, 0x00000000ff800000|  0%| F|  |TAMS 0x00000000ff700000, 0x00000000ff700000| Untracked 
| 242|0x00000000ff800000, 0x00000000ff800000, 0x00000000ff900000|  0%| F|  |TAMS 0x00000000ff800000, 0x00000000ff800000| Untracked 
| 243|0x00000000ff900000, 0x00000000ff900000, 0x00000000ffa00000|  0%| F|  |TAMS 0x00000000ff900000, 0x00000000ff900000| Untracked 
| 244|0x00000000ffa00000, 0x00000000ffa00000, 0x00000000ffb00000|  0%| F|  |TAMS 0x00000000ffa00000, 0x00000000ffa00000| Untracked 
| 245|0x00000000ffb00000, 0x00000000ffb00000, 0x00000000ffc00000|  0%| F|  |TAMS 0x00000000ffb00000, 0x00000000ffb00000| Untracked 
| 246|0x00000000ffc00000, 0x00000000ffc00000, 0x00000000ffd00000|  0%| F|  |TAMS 0x00000000ffc00000, 0x00000000ffc00000| Untracked 
| 247|0x00000000ffd00000, 0x00000000ffd00000, 0x00000000ffe00000|  0%| F|  |TAMS 0x00000000ffd00000, 0x00000000ffd00000| Untracked 
| 248|0x00000000ffe00000, 0x00000000ffe7b630, 0x00000000fff00000| 48%| E|  |TAMS 0x00000000ffe00000, 0x00000000ffe00000| Complete 
| 249|0x00000000fff00000, 0x0000000100000000, 0x0000000100000000|100%| E|CS|TAMS 0x00000000fff00000, 0x00000000fff00000| Complete 

Card table byte_map: [0x00007ff67c03f000,0x00007ff67c0bc000] _byte_map_base: 0x00007ff67b8bc000

Marking Bits (Prev, Next): (CMBitMap*) 0x00007ff678043d88, (CMBitMap*) 0x00007ff678043dc0
 Prev Bits: [0x00007ff65a585000, 0x00007ff65a96d000)
 Next Bits: [0x00007ff65a19d000, 0x00007ff65a585000)

Polling page: 0x00007ff67f319000

Metaspace:

Usage:
  Non-class:      4,00 MB capacity,     3,89 MB ( 97%) used,   110,88 KB (  3%) free+waste,    64 bytes ( <1%) overhead. 
      Class:    384,00 KB capacity,   379,39 KB ( 99%) used,     4,55 KB (  1%) free+waste,    64 bytes ( <1%) overhead. 
       Both:      4,38 MB capacity,     4,26 MB ( 97%) used,   115,42 KB (  3%) free+waste,   128 bytes ( <1%) overhead. 

Virtual space:
  Non-class space:        8,00 MB reserved,       4,00 MB ( 50%) committed 
      Class space:        1,00 GB reserved,     384,00 KB ( <1%) committed 
             Both:        1,01 GB reserved,       4,38 MB ( <1%) committed 

Chunk freelists:
   Non-Class:  0 bytes
       Class:  0 bytes
        Both:  0 bytes

CodeHeap 'non-profiled nmethods': size=118888Kb used=21Kb max_used=21Kb free=118867Kb
 bounds [0x00007ff667fd2000, 0x00007ff668242000, 0x00007ff66f3ec000]
CodeHeap 'profiled nmethods': size=118884Kb used=134Kb max_used=134Kb free=118749Kb
 bounds [0x00007ff660bb9000, 0x00007ff660e29000, 0x00007ff667fd2000]
CodeHeap 'non-nmethods': size=7988Kb used=1005Kb max_used=1011Kb free=6982Kb
 bounds [0x00007ff6603ec000, 0x00007ff66065c000, 0x00007ff660bb9000]
 total_blobs=434 nmethods=99 adapters=197
 compilation: enabled
              stopped_count=0, restarted_count=0
 full_count=0

Compilation events (10 events):
Event: 0,231 Thread 0x00007ff6781f8000   95       3       java.lang.String::hashCode (49 bytes)
Event: 0,232 Thread 0x00007ff6781f8000 nmethod 95 0x00007ff660bd9590 code [0x00007ff660bd9780, 0x00007ff660bd9ad8]
Event: 0,254 Thread 0x00007ff6781f8000   96       3       java.lang.String::indexOf (29 bytes)
Event: 0,255 Thread 0x00007ff6781f8000 nmethod 96 0x00007ff660bd9c10 code [0x00007ff660bd9de0, 0x00007ff660bda0b8]
Event: 0,297 Thread 0x00007ff6781f8000   97       3       java.util.zip.ZipUtils::SH (21 bytes)
Event: 0,298 Thread 0x00007ff6781f8000 nmethod 97 0x00007ff660bda190 code [0x00007ff660bda340, 0x00007ff660bda4d0]
Event: 0,298 Thread 0x00007ff6781f8000   98       3       java.util.zip.ZipFile$Source::hashN (26 bytes)
Event: 0,299 Thread 0x00007ff6781f8000 nmethod 98 0x00007ff660bda610 code [0x00007ff660bda7c0, 0x00007ff660bda9f0]
Event: 0,299 Thread 0x00007ff6781ed800   99       4       java.util.zip.ZipUtils::SH (21 bytes)
Event: 0,301 Thread 0x00007ff6781ed800 nmethod 99 0x00007ff667fd7110 code [0x00007ff667fd72a0, 0x00007ff667fd7358]

GC Heap History (0 events):
No events

Deoptimization events (1 events):
Event: 0,230 Thread 0x00007ff678011000 Uncommon trap: reason=unstable_if action=reinterpret pc=0x00007ff667fd6cf4 method=java.lang.String.hashCode()I @ 14 c2

Classes redefined (0 events):
No events

Internal exceptions (0 events):
No events

Events (10 events):
Event: 0,310 loading class java/util/jar/JarEntry done
Event: 0,310 loading class java/util/jar/JarFile$JarFileEntry done
Event: 0,311 loading class java/util/zip/ZipFile$ZipFileInputStream
Event: 0,311 loading class java/util/zip/ZipFile$ZipFileInputStream done
Event: 0,341 loading class java/util/zip/ZipFile$ZipFileInflaterInputStream
Event: 0,342 loading class java/util/zip/InflaterInputStream
Event: 0,342 loading class java/util/zip/InflaterInputStream done
Event: 0,342 loading class java/util/zip/ZipFile$ZipFileInflaterInputStream done
Event: 0,342 loading class java/util/zip/Inflater
Event: 0,342 loading class java/util/zip/Inflater done


Dynamic libraries:
00400000-00401000 r-xp 00000000 00:3f 684014                             /soft/modules/software/Java/11.0.2/bin/java
00600000-00601000 r--p 00000000 00:3f 684014                             /soft/modules/software/Java/11.0.2/bin/java
00601000-00602000 rw-p 00001000 00:3f 684014                             /soft/modules/software/Java/11.0.2/bin/java
0197e000-0199f000 rw-p 00000000 00:00 0                                  [heap]
f0600000-100060000 rw-p 00000000 00:00 0 
100060000-140000000 ---p 00000000 00:00 0 
7ff614000000-7ff614021000 rw-p 00000000 00:00 0 
7ff614021000-7ff618000000 ---p 00000000 00:00 0 
7ff618000000-7ff618021000 rw-p 00000000 00:00 0 
7ff618021000-7ff61c000000 ---p 00000000 00:00 0 
7ff61c000000-7ff61c021000 rw-p 00000000 00:00 0 
7ff61c021000-7ff620000000 ---p 00000000 00:00 0 
7ff620000000-7ff620021000 rw-p 00000000 00:00 0 
7ff620021000-7ff624000000 ---p 00000000 00:00 0 
7ff624000000-7ff624057000 rw-p 00000000 00:00 0 
7ff624057000-7ff628000000 ---p 00000000 00:00 0 
7ff628000000-7ff628096000 rw-p 00000000 00:00 0 
7ff628096000-7ff62c000000 ---p 00000000 00:00 0 
7ff62c000000-7ff62c021000 rw-p 00000000 00:00 0 
7ff62c021000-7ff630000000 ---p 00000000 00:00 0 
7ff631abc000-7ff637fff000 r--p 00000000 fd:00 68633                      /usr/lib/locale/locale-archive
7ff638000000-7ff638021000 rw-p 00000000 00:00 0 
7ff638021000-7ff63c000000 ---p 00000000 00:00 0 
7ff63c000000-7ff63c021000 rw-p 00000000 00:00 0 
7ff63c021000-7ff640000000 ---p 00000000 00:00 0 
7ff640000000-7ff640021000 rw-p 00000000 00:00 0 
7ff640021000-7ff644000000 ---p 00000000 00:00 0 
7ff644000000-7ff644021000 rw-p 00000000 00:00 0 
7ff644021000-7ff648000000 ---p 00000000 00:00 0 
7ff648000000-7ff648021000 rw-p 00000000 00:00 0 
7ff648021000-7ff64c000000 ---p 00000000 00:00 0 
7ff64c000000-7ff64c021000 rw-p 00000000 00:00 0 
7ff64c021000-7ff650000000 ---p 00000000 00:00 0 
7ff650ecc000-7ff650ee2000 r-xp 00000000 00:3f 684433                     /soft/modules/software/Java/11.0.2/lib/libnet.so
7ff650ee2000-7ff6510e2000 ---p 00016000 00:3f 684433                     /soft/modules/software/Java/11.0.2/lib/libnet.so
7ff6510e2000-7ff6510e3000 r--p 00016000 00:3f 684433                     /soft/modules/software/Java/11.0.2/lib/libnet.so
7ff6510e3000-7ff6510e4000 rw-p 00017000 00:3f 684433                     /soft/modules/software/Java/11.0.2/lib/libnet.so
7ff6510e4000-7ff6510f4000 r-xp 00000000 00:3f 684434                     /soft/modules/software/Java/11.0.2/lib/libnio.so
7ff6510f4000-7ff6512f3000 ---p 00010000 00:3f 684434                     /soft/modules/software/Java/11.0.2/lib/libnio.so
7ff6512f3000-7ff6512f4000 r--p 0000f000 00:3f 684434                     /soft/modules/software/Java/11.0.2/lib/libnio.so
7ff6512f4000-7ff6512f5000 rw-p 00010000 00:3f 684434                     /soft/modules/software/Java/11.0.2/lib/libnio.so
7ff6512fa000-7ff6512fe000 ---p 00000000 00:00 0 
7ff6512fe000-7ff6513fb000 rw-p 00000000 00:00 0 
7ff6513fb000-7ff6513fc000 ---p 00000000 00:00 0 
7ff6513fc000-7ff6514fd000 rw-p 00000000 00:00 0 
7ff6514fd000-7ff651501000 ---p 00000000 00:00 0 
7ff651501000-7ff6515fe000 rw-p 00000000 00:00 0 
7ff6515fe000-7ff651602000 ---p 00000000 00:00 0 
7ff651602000-7ff6516ff000 rw-p 00000000 00:00 0 
7ff6516ff000-7ff651703000 ---p 00000000 00:00 0 
7ff651703000-7ff651c00000 rw-p 00000000 00:00 0 
7ff651c00000-7ff652000000 ---p 00000000 00:00 0 
7ff652000000-7ff654000000 rw-p 00000000 00:00 0 
7ff654000000-7ff654021000 rw-p 00000000 00:00 0 
7ff654021000-7ff658000000 ---p 00000000 00:00 0 
7ff658022000-7ff658053000 rw-p 00000000 00:00 0 
7ff658053000-7ff658057000 ---p 00000000 00:00 0 
7ff658057000-7ff658154000 rw-p 00000000 00:00 0 
7ff658154000-7ff658158000 ---p 00000000 00:00 0 
7ff658158000-7ff658255000 rw-p 00000000 00:00 0 
7ff658255000-7ff658259000 ---p 00000000 00:00 0 
7ff658259000-7ff658356000 rw-p 00000000 00:00 0 
7ff658356000-7ff65835a000 ---p 00000000 00:00 0 
7ff65835a000-7ff658457000 rw-p 00000000 00:00 0 
7ff658457000-7ff658458000 ---p 00000000 00:00 0 
7ff658458000-7ff65867e000 rw-p 00000000 00:00 0 
7ff65867e000-7ff65867f000 ---p 00000000 00:00 0 
7ff65867f000-7ff658780000 rw-p 00000000 00:00 0 
7ff658780000-7ff658781000 ---p 00000000 00:00 0 
7ff658781000-7ff659f99000 rw-p 00000000 00:00 0 
7ff659f99000-7ff659f9a000 ---p 00000000 00:00 0 
7ff659f9a000-7ff65a09b000 rw-p 00000000 00:00 0 
7ff65a09b000-7ff65a09c000 ---p 00000000 00:00 0 
7ff65a09c000-7ff65a9ea000 rw-p 00000000 00:00 0 
7ff65a9ea000-7ff65c000000 rw-p 00000000 00:00 0 
7ff65c000000-7ff65c021000 rw-p 00000000 00:00 0 
7ff65c021000-7ff660000000 ---p 00000000 00:00 0 
7ff660017000-7ff660118000 rw-p 00000000 00:00 0 
7ff660118000-7ff660119000 ---p 00000000 00:00 0 
7ff660119000-7ff66021f000 rw-p 00000000 00:00 0 
7ff66021f000-7ff660303000 ---p 00000000 00:00 0 
7ff660303000-7ff660308000 rw-p 00000000 00:00 0 
7ff660308000-7ff6603ec000 ---p 00000000 00:00 0 
7ff6603ec000-7ff66065c000 rwxp 00000000 00:00 0 
7ff66065c000-7ff660bb9000 ---p 00000000 00:00 0 
7ff660bb9000-7ff660e29000 rwxp 00000000 00:00 0 
7ff660e29000-7ff667fd2000 ---p 00000000 00:00 0 
7ff667fd2000-7ff668242000 rwxp 00000000 00:00 0 
7ff668242000-7ff66f3ec000 ---p 00000000 00:00 0 
7ff66f3ec000-7ff677794000 r--s 00000000 00:3f 684444                     /soft/modules/software/Java/11.0.2/lib/modules
7ff677794000-7ff677fff000 r--s 00000000 fd:00 67784719                   /var/lib/sss/mc/passwd
7ff678000000-7ff6782ab000 rw-p 00000000 00:00 0 
7ff6782ab000-7ff67c000000 ---p 00000000 00:00 0 
7ff67c01e000-7ff67c0bc000 rw-p 00000000 00:00 0 
7ff67c0bc000-7ff67c0d7000 r-xp 00000000 00:3f 684425                     /soft/modules/software/Java/11.0.2/lib/libjimage.so
7ff67c0d7000-7ff67c2d6000 ---p 0001b000 00:3f 684425                     /soft/modules/software/Java/11.0.2/lib/libjimage.so
7ff67c2d6000-7ff67c2d8000 r--p 0001a000 00:3f 684425                     /soft/modules/software/Java/11.0.2/lib/libjimage.so
7ff67c2d8000-7ff67c2d9000 rw-p 0001c000 00:3f 684425                     /soft/modules/software/Java/11.0.2/lib/libjimage.so
7ff67c2dc000-7ff67c2e3000 r-xp 00000000 00:3f 684443                     /soft/modules/software/Java/11.0.2/lib/libzip.so
7ff67c2e3000-7ff67c4e2000 ---p 00007000 00:3f 684443                     /soft/modules/software/Java/11.0.2/lib/libzip.so
7ff67c4e2000-7ff67c4e3000 r--p 00006000 00:3f 684443                     /soft/modules/software/Java/11.0.2/lib/libzip.so
7ff67c4e3000-7ff67c4e4000 rw-p 00007000 00:3f 684443                     /soft/modules/software/Java/11.0.2/lib/libzip.so
7ff67c4e4000-7ff67c4ec000 r-xp 00000000 fd:00 145947532                  /usr/lib64/libnss_sss.so.2
7ff67c4ec000-7ff67c6eb000 ---p 00008000 fd:00 145947532                  /usr/lib64/libnss_sss.so.2
7ff67c6eb000-7ff67c6ec000 r--p 00007000 fd:00 145947532                  /usr/lib64/libnss_sss.so.2
7ff67c6ec000-7ff67c6ed000 rw-p 00008000 fd:00 145947532                  /usr/lib64/libnss_sss.so.2
7ff67c6f4000-7ff67c700000 r-xp 00000000 fd:00 134328412                  /usr/lib64/libnss_files-2.17.so
7ff67c700000-7ff67c8ff000 ---p 0000c000 fd:00 134328412                  /usr/lib64/libnss_files-2.17.so
7ff67c8ff000-7ff67c900000 r--p 0000b000 fd:00 134328412                  /usr/lib64/libnss_files-2.17.so
7ff67c900000-7ff67c901000 rw-p 0000c000 fd:00 134328412                  /usr/lib64/libnss_files-2.17.so
7ff67c901000-7ff67c907000 rw-p 00000000 00:00 0 
7ff67c90c000-7ff67c935000 r-xp 00000000 00:3f 684421                     /soft/modules/software/Java/11.0.2/lib/libjava.so
7ff67c935000-7ff67cb34000 ---p 00029000 00:3f 684421                     /soft/modules/software/Java/11.0.2/lib/libjava.so
7ff67cb34000-7ff67cb35000 r--p 00028000 00:3f 684421                     /soft/modules/software/Java/11.0.2/lib/libjava.so
7ff67cb35000-7ff67cb37000 rw-p 00029000 00:3f 684421                     /soft/modules/software/Java/11.0.2/lib/libjava.so
7ff67cb3c000-7ff67cb49000 r-xp 00000000 00:3f 684442                     /soft/modules/software/Java/11.0.2/lib/libverify.so
7ff67cb49000-7ff67cd48000 ---p 0000d000 00:3f 684442                     /soft/modules/software/Java/11.0.2/lib/libverify.so
7ff67cd48000-7ff67cd4a000 r--p 0000c000 00:3f 684442                     /soft/modules/software/Java/11.0.2/lib/libverify.so
7ff67cd4a000-7ff67cd4b000 rw-p 0000e000 00:3f 684442                     /soft/modules/software/Java/11.0.2/lib/libverify.so
7ff67cd4c000-7ff67cd53000 r-xp 00000000 fd:00 134328461                  /usr/lib64/librt-2.17.so
7ff67cd53000-7ff67cf52000 ---p 00007000 fd:00 134328461                  /usr/lib64/librt-2.17.so
7ff67cf52000-7ff67cf53000 r--p 00006000 fd:00 134328461                  /usr/lib64/librt-2.17.so
7ff67cf53000-7ff67cf54000 rw-p 00007000 fd:00 134328461                  /usr/lib64/librt-2.17.so
7ff67cf54000-7ff67d055000 r-xp 00000000 fd:00 134328401                  /usr/lib64/libm-2.17.so
7ff67d055000-7ff67d254000 ---p 00101000 fd:00 134328401                  /usr/lib64/libm-2.17.so
7ff67d254000-7ff67d255000 r--p 00100000 fd:00 134328401                  /usr/lib64/libm-2.17.so
7ff67d255000-7ff67d256000 rw-p 00101000 fd:00 134328401                  /usr/lib64/libm-2.17.so
7ff67d25c000-7ff67e399000 r-xp 00000000 00:3f 684458                     /soft/modules/software/Java/11.0.2/lib/server/libjvm.so
7ff67e399000-7ff67e598000 ---p 0113d000 00:3f 684458                     /soft/modules/software/Java/11.0.2/lib/server/libjvm.so
7ff67e598000-7ff67e657000 r--p 0113c000 00:3f 684458                     /soft/modules/software/Java/11.0.2/lib/server/libjvm.so
7ff67e657000-7ff67e690000 rw-p 011fb000 00:3f 684458                     /soft/modules/software/Java/11.0.2/lib/server/libjvm.so
7ff67e690000-7ff67e6e6000 rw-p 00000000 00:00 0 
7ff67e6ec000-7ff67e8b0000 r-xp 00000000 fd:00 134328393                  /usr/lib64/libc-2.17.so
7ff67e8b0000-7ff67eaaf000 ---p 001c4000 fd:00 134328393                  /usr/lib64/libc-2.17.so
7ff67eaaf000-7ff67eab3000 r--p 001c3000 fd:00 134328393                  /usr/lib64/libc-2.17.so
7ff67eab3000-7ff67eab5000 rw-p 001c7000 fd:00 134328393                  /usr/lib64/libc-2.17.so
7ff67eab5000-7ff67eaba000 rw-p 00000000 00:00 0 
7ff67eabc000-7ff67eabe000 r-xp 00000000 fd:00 134328399                  /usr/lib64/libdl-2.17.so
7ff67eabe000-7ff67ecbe000 ---p 00002000 fd:00 134328399                  /usr/lib64/libdl-2.17.so
7ff67ecbe000-7ff67ecbf000 r--p 00002000 fd:00 134328399                  /usr/lib64/libdl-2.17.so
7ff67ecbf000-7ff67ecc0000 rw-p 00003000 fd:00 134328399                  /usr/lib64/libdl-2.17.so
7ff67ecc4000-7ff67ecd4000 r-xp 00000000 00:3f 684451                     /soft/modules/software/Java/11.0.2/lib/jli/libjli.so
7ff67ecd4000-7ff67eed3000 ---p 00010000 00:3f 684451                     /soft/modules/software/Java/11.0.2/lib/jli/libjli.so
7ff67eed3000-7ff67eed4000 r--p 0000f000 00:3f 684451                     /soft/modules/software/Java/11.0.2/lib/jli/libjli.so
7ff67eed4000-7ff67eed5000 rw-p 00010000 00:3f 684451                     /soft/modules/software/Java/11.0.2/lib/jli/libjli.so
7ff67eedc000-7ff67eef3000 r-xp 00000000 fd:00 134328454                  /usr/lib64/libpthread-2.17.so
7ff67eef3000-7ff67f0f2000 ---p 00017000 fd:00 134328454                  /usr/lib64/libpthread-2.17.so
7ff67f0f2000-7ff67f0f3000 r--p 00016000 fd:00 134328454                  /usr/lib64/libpthread-2.17.so
7ff67f0f3000-7ff67f0f4000 rw-p 00017000 fd:00 134328454                  /usr/lib64/libpthread-2.17.so
7ff67f0f4000-7ff67f0f8000 rw-p 00000000 00:00 0 
7ff67f0fc000-7ff67f11e000 r-xp 00000000 fd:00 135445343                  /usr/lib64/ld-2.17.so
7ff67f137000-7ff67f1dc000 rw-p 00000000 00:00 0 
7ff67f1dc000-7ff67f1e1000 rw-p 00000000 00:00 0 
7ff67f1e1000-7ff67f1ec000 ---p 00000000 00:00 0 
7ff67f1ec000-7ff67f1f4000 rw-s 00000000 fd:00 67126197                   /tmp/hsperfdata_lmichel/3369
7ff67f1fb000-7ff67f1ff000 ---p 00000000 00:00 0 
7ff67f1ff000-7ff67f2fc000 rw-p 00000000 00:00 0 
7ff67f2fc000-7ff67f2ff000 r--p 00000000 00:3f 12309010                   /soft/modules/software/zlib/1.2.12-GCCcore-11.3.0/lib/libz.so.1.2.12
7ff67f2ff000-7ff67f30d000 r-xp 00003000 00:3f 12309010                   /soft/modules/software/zlib/1.2.12-GCCcore-11.3.0/lib/libz.so.1.2.12
7ff67f30d000-7ff67f314000 r--p 00011000 00:3f 12309010                   /soft/modules/software/zlib/1.2.12-GCCcore-11.3.0/lib/libz.so.1.2.12
7ff67f314000-7ff67f315000 r--p 00017000 00:3f 12309010                   /soft/modules/software/zlib/1.2.12-GCCcore-11.3.0/lib/libz.so.1.2.12
7ff67f315000-7ff67f316000 rw-p 00018000 00:3f 12309010                   /soft/modules/software/zlib/1.2.12-GCCcore-11.3.0/lib/libz.so.1.2.12
7ff67f319000-7ff67f31a000 ---p 00000000 00:00 0 
7ff67f31a000-7ff67f31b000 r--p 00000000 00:00 0 
7ff67f31b000-7ff67f31d000 rw-p 00000000 00:00 0 
7ff67f31d000-7ff67f31e000 r--p 00021000 fd:00 135445343                  /usr/lib64/ld-2.17.so
7ff67f31e000-7ff67f31f000 rw-p 00022000 fd:00 135445343                  /usr/lib64/ld-2.17.so
7ff67f31f000-7ff67f320000 rw-p 00000000 00:00 0 
7ff67f321000-7ff67f325000 rw-p 00000000 00:00 0 
7ffd651b9000-7ffd651df000 rw-p 00000000 00:00 0                          [stack]
7ffd651fc000-7ffd651fe000 r-xp 00000000 00:00 0                          [vdso]
ffffffffff600000-ffffffffff601000 r-xp 00000000 00:00 0                  [vsyscall]


VM Arguments:
jvm_args: -Xmx250m 
java_command: uk.ac.babraham.FastQC.FastQCApplication
java_class_path (initial): /soft/modules/software/FastQC/0.11.9-Java-11/sam-1.103.jar:/soft/modules/software/FastQC/0.11.9-Java-11/jbzip2-0.9.jar:/soft/modules/software/FastQC/0.11.9-Java-11/cisd-jhdf5.jar:/soft/modules/software/FastQC/0.11.9-Java-11:/soft/modules/software/FastQC/0.11.9-Java-11/sam-1.103.jar:/soft/modules/software/FastQC/0.11.9-Java-11/jbzip2-0.9.jar:/soft/modules/software/FastQC/0.11.9-Java-11/cisd-jhdf5.jar
Launcher Type: SUN_STANDARD

[Global flags]
     intx CICompilerCount                          = 15                                        {product} {ergonomic}
     uint ConcGCThreads                            = 6                                         {product} {ergonomic}
     uint G1ConcRefinementThreads                  = 23                                        {product} {ergonomic}
   size_t G1HeapRegionSize                         = 1048576                                   {product} {ergonomic}
    uintx GCDrainStackTargetSize                   = 64                                        {product} {ergonomic}
   size_t InitialHeapSize                          = 262144000                                 {product} {ergonomic}
   size_t MarkStackSize                            = 4194304                                   {product} {ergonomic}
   size_t MaxHeapSize                              = 262144000                                 {product} {command line}
   size_t MaxNewSize                               = 157286400                                 {product} {ergonomic}
   size_t MinHeapDeltaBytes                        = 1048576                                   {product} {ergonomic}
    uintx NonNMethodCodeHeapSize                   = 8178940                                {pd product} {ergonomic}
    uintx NonProfiledCodeHeapSize                  = 121739650                              {pd product} {ergonomic}
    uintx ProfiledCodeHeapSize                     = 121739650                              {pd product} {ergonomic}
    uintx ReservedCodeCacheSize                    = 251658240                              {pd product} {ergonomic}
     bool SegmentedCodeCache                       = true                                      {product} {ergonomic}
     bool UseCompressedClassPointers               = true                                 {lp64_product} {ergonomic}
     bool UseCompressedOops                        = true                                 {lp64_product} {ergonomic}
     bool UseG1GC                                  = true                                      {product} {ergonomic}

Logging:
Log output configuration:
 #0: stdout all=warning uptime,level,tags
 #1: stderr all=off uptime,level,tags

Environment Variables:
JAVA_HOME=/soft/modules/software/Java/11.0.2
CLASSPATH=/soft/modules/software/FastQC/0.11.9-Java-11/sam-1.103.jar:/soft/modules/software/FastQC/0.11.9-Java-11/jbzip2-0.9.jar:/soft/modules/software/FastQC/0.11.9-Java-11/cisd-jhdf5.jar:/soft/modules/software/FastQC/0.11.9-Java-11:/soft/modules/software/FastQC/0.11.9-Java-11/sam-1.103.jar:/soft/modules/software/FastQC/0.11.9-Java-11/jbzip2-0.9.jar:/soft/modules/software/FastQC/0.11.9-Java-11/cisd-jhdf5.jar
PATH=/soft/modules/software/FastQC/0.11.9-Java-11:/soft/modules/software/Java/11.0.2:/soft/modules/software/Java/11.0.2/bin:/soft/modules/software/BBMap/39.01-GCC-11.3.0:/soft/modules/software/binutils/2.38-GCCcore-11.3.0/bin:/soft/modules/software/GCCcore/11.3.0/bin:/soft/modules/software/SAMtools/1.15-GCC-11.2.0/bin:/soft/modules/software/cURL/7.78.0-GCCcore-11.2.0/bin:/soft/modules/software/OpenSSL/1.1/bin:/soft/modules/software/XZ/5.2.5-GCCcore-11.2.0/bin:/soft/modules/software/bzip2/1.0.8-GCCcore-11.2.0/bin:/soft/modules/software/ncurses/6.2-GCCcore-11.2.0/bin:/soft/modules/software/Miniconda3/4.7.10/bin:/soft/modules/software/Miniconda3/4.7.10/condabin:/usr/local/bin:/usr/bin:/usr/local/sbin:/usr/sbin:/home/isglobal.lan/lmichel/.local/bin:/home/isglobal.lan/lmichel/bin
LD_LIBRARY_PATH=/soft/modules/software/Java/11.0.2/lib:/soft/modules/software/binutils/2.38-GCCcore-11.3.0/lib:/soft/modules/software/zlib/1.2.12-GCCcore-11.3.0/lib:/soft/modules/software/GCCcore/11.3.0/lib64:/soft/modules/software/SAMtools/1.15-GCC-11.2.0/lib:/soft/modules/software/cURL/7.78.0-GCCcore-11.2.0/lib:/soft/modules/software/OpenSSL/1.1/lib:/soft/modules/software/XZ/5.2.5-GCCcore-11.2.0/lib:/soft/modules/software/bzip2/1.0.8-GCCcore-11.2.0/lib:/soft/modules/software/ncurses/6.2-GCCcore-11.2.0/lib
SHELL=/bin/bash

Signal Handlers:
SIGSEGV: [libjvm.so+0xe28d40], sa_mask[0]=11111111011111111101111111111110, sa_flags=SA_RESTART|SA_SIGINFO
SIGBUS: [libjvm.so+0xe28d40], sa_mask[0]=11111111011111111101111111111110, sa_flags=SA_RESTART|SA_SIGINFO
SIGFPE: [libjvm.so+0xe28d40], sa_mask[0]=11111111011111111101111111111110, sa_flags=SA_RESTART|SA_SIGINFO
SIGPIPE: [libjvm.so+0xbfd500], sa_mask[0]=11111111011111111101111111111110, sa_flags=SA_RESTART|SA_SIGINFO
SIGXFSZ: [libjvm.so+0xbfd500], sa_mask[0]=11111111011111111101111111111110, sa_flags=SA_RESTART|SA_SIGINFO
SIGILL: [libjvm.so+0xe28d40], sa_mask[0]=11111111011111111101111111111110, sa_flags=SA_RESTART|SA_SIGINFO
SIGUSR2: [libjvm.so+0xbfd3a0], sa_mask[0]=00000000000000000000000000000000, sa_flags=SA_RESTART|SA_SIGINFO
SIGHUP: [libjvm.so+0xbfd700], sa_mask[0]=11111111011111111101111111111110, sa_flags=SA_RESTART|SA_SIGINFO
SIGINT: [libjvm.so+0xbfd700], sa_mask[0]=11111111011111111101111111111110, sa_flags=SA_RESTART|SA_SIGINFO
SIGTERM: [libjvm.so+0xbfd700], sa_mask[0]=11111111011111111101111111111110, sa_flags=SA_RESTART|SA_SIGINFO
SIGQUIT: [libjvm.so+0xbfd700], sa_mask[0]=11111111011111111101111111111110, sa_flags=SA_RESTART|SA_SIGINFO


---------------  S Y S T E M  ---------------

OS:CentOS Linux release 7.9.2009 (Core)
uname:Linux 3.10.0-1160.62.1.el7.x86_64 #1 SMP Tue Apr 5 16:57:59 UTC 2022 x86_64
libc:glibc 2.17 NPTL 2.17 
rlimit: STACK 8192k, CORE 0k, NPROC 4096, NOFILE 4096, AS infinity, DATA infinity, FSIZE infinity
load average:0,06 0,05 0,11

/proc/meminfo:
MemTotal:       263945420 kB
MemFree:         2533356 kB
MemAvailable:   252002296 kB
Buffers:               0 kB
Cached:         241671944 kB
SwapCached:        20508 kB
Active:         63723172 kB
Inactive:       179932684 kB
Active(anon):     389448 kB
Inactive(anon):  1983296 kB
Active(file):   63333724 kB
Inactive(file): 177949388 kB
Unevictable:           0 kB
Mlocked:               0 kB
SwapTotal:       8388604 kB
SwapFree:        8331772 kB
Dirty:                 0 kB
Writeback:             0 kB
AnonPages:       1963420 kB
Mapped:            55596 kB
Shmem:            388832 kB
Slab:           11498224 kB
SReclaimable:    9217360 kB
SUnreclaim:      2280864 kB
KernelStack:       10880 kB
PageTables:        29352 kB
NFS_Unstable:          0 kB
Bounce:                0 kB
WritebackTmp:          0 kB
CommitLimit:    140361312 kB
Committed_AS:    6756440 kB
VmallocTotal:   34359738367 kB
VmallocUsed:      508496 kB
VmallocChunk:   34123755516 kB
Percpu:             7552 kB
HardwareCorrupted:     0 kB
AnonHugePages:   1384448 kB
CmaTotal:              0 kB
CmaFree:               0 kB
HugePages_Total:       0
HugePages_Free:        0
HugePages_Rsvd:        0
HugePages_Surp:        0
Hugepagesize:       2048 kB
DirectMap4k:      223716 kB
DirectMap2M:    24915968 kB
DirectMap1G:    243269632 kB


/proc/sys/kernel/threads-max (system-wide limit on the number of threads):
2061373


/proc/sys/vm/max_map_count (maximum number of memory map areas a process may have):
65530


/proc/sys/kernel/pid_max (system-wide limit on number of process identifiers):
32768



container (cgroup) information:
container_type: cgroupv1
cpu_cpuset_cpus: 0-31
cpu_memory_nodes: 0-7
active_processor_count: 32
cpu_quota: -1
cpu_period: 100000
cpu_shares: -1
memory_limit_in_bytes: -1
memory_and_swap_limit_in_bytes: -1
memory_soft_limit_in_bytes: -1
memory_usage_in_bytes: 249501990912
memory_max_usage_in_bytes: 0


CPU:total 32 (initial active 32) (8 cores per cpu, 1 threads per core) family 21 model 2 stepping 0, cmov, cx8, fxsr, mmx, sse, sse2, sse3, ssse3, sse4.1, sse4.2, popcnt, avx, aes, clmul, mmxext, 3dnowpref, lzcnt, sse4a, tsc, tscinvbit, tscinv, bmi1, fma
CPU Model and flags from /proc/cpuinfo:
model name	: AMD Opteron(tm) Processor 6328
flags		: fpu vme de pse tsc msr pae mce cx8 apic sep mtrr pge mca cmov pat pse36 clflush mmx fxsr sse sse2 ht syscall nx mmxext fxsr_opt pdpe1gb rdtscp lm constant_tsc art rep_good nopl nonstop_tsc extd_apicid amd_dcm aperfmperf pni pclmulqdq monitor ssse3 fma cx16 sse4_1 sse4_2 popcnt aes xsave avx f16c lahf_lm cmp_legacy svm extapic cr8_legacy abm sse4a misalignsse 3dnowprefetch osvw ibs xop skinit wdt fma4 tce nodeid_msr tbm topoext perfctr_core perfctr_nb cpb hw_pstate retpoline_amd ssbd ibpb vmmcall bmi1 arat npt lbrv svm_lock nrip_save tsc_scale vmcb_clean flushbyasid decodeassists pausefilter pfthreshold

Memory: 4k page, physical 263945420k(2533356k free), swap 8388604k(8331772k free)

vm_info: OpenJDK 64-Bit Server VM (11.0.2+9) for linux-amd64 JRE (11.0.2+9), built on Jan 17 2019 21:18:23 by "mach5one" with gcc 7.3.0

END.
